<?xml version="1.0" encoding="UTF-8"?>
<!-- Generated by org.testng.reporters.JUnitReportReporter -->
<testsuite hostname="Himanshu" failures="0" tests="2" name="zalenium3" time="63.371" errors="0" timestamp="2023-02-05T22:03:17 IST" skipped="0">
  <testcase classname="zalenium3" name="chrome4" time="20.619"/>
  <system-out/>
  <testcase classname="zalenium3" name="firefox4" time="42.752"/>
  <system-out/>
</testsuite> <!-- zalenium3 -->
