<?xml version="1.0" encoding="UTF-8"?>
<!-- Generated by org.testng.reporters.JUnitReportReporter -->
<testsuite hostname="Himanshu" failures="0" tests="1" name="docker1" time="5.457" errors="0" timestamp="2023-02-04T17:14:20 IST" skipped="0">
  <testcase classname="docker1" name="chrome" time="5.457"/>
  <system-out/>
</testsuite> <!-- docker1 -->
