<?xml version="1.0" encoding="UTF-8"?>
<!-- Generated by org.testng.reporters.JUnitReportReporter -->
<testsuite hostname="Himanshu" failures="0" tests="1" name="test" time="9.123" errors="0" timestamp="2022-12-17T21:04:13 IST" skipped="0">
  <testcase classname="test" name="test1" time="9.123"/>
  <system-out/>
</testsuite> <!-- test -->
