<?xml version="1.0" encoding="UTF-8"?>
<!-- Generated by org.testng.reporters.JUnitReportReporter -->
<testsuite hostname="Himanshu" failures="0" tests="1" name="Pom_script" time="10.835" errors="0" timestamp="2022-12-24T16:55:28 IST" skipped="0">
  <testcase classname="Pom_script" name="pom" time="10.835"/>
  <system-out/>
</testsuite> <!-- Pom_script -->
