<?xml version="1.0" encoding="UTF-8"?>
<!-- Generated by org.testng.reporters.JUnitReportReporter -->
<testsuite hostname="Himanshu" failures="0" tests="2" name="Extent_report" time="11.657" errors="0" timestamp="2023-01-19T22:46:06 IST" skipped="0">
  <testcase classname="Extent_report" name="Test1" time="6.220"/>
  <system-out/>
  <testcase classname="Extent_report" name="Test2" time="5.437"/>
  <system-out/>
</testsuite> <!-- Extent_report -->
