<?xml version="1.0" encoding="UTF-8"?>
<!-- Generated by org.testng.reporters.JUnitReportReporter -->
<testsuite hostname="Himanshu" failures="0" tests="2" name="kubernetes" time="42.629" errors="0" timestamp="2023-02-15T00:30:59 IST" skipped="0">
  <testcase classname="kubernetes" name="chrome1" time="30.151"/>
  <system-out/>
  <testcase classname="kubernetes" name="chrome2" time="12.478"/>
  <system-out/>
</testsuite> <!-- kubernetes -->
