<?xml version="1.0" encoding="UTF-8"?>
<!-- Generated by org.testng.reporters.JUnitReportReporter -->
<testsuite hostname="Himanshu" failures="0" tests="2" name="zalenium" time="57.545" errors="0" timestamp="2023-02-05T22:03:17 IST" skipped="0">
  <testcase classname="zalenium" name="chrome1" time="18.391"/>
  <system-out/>
  <testcase classname="zalenium" name="firefox1" time="39.154"/>
  <system-out/>
</testsuite> <!-- zalenium -->
