<?xml version="1.0" encoding="UTF-8"?>
<!-- Generated by org.testng.reporters.JUnitReportReporter -->
<testsuite hostname="Himanshu" failures="0" tests="3" name="Wait" time="19.685" errors="0" timestamp="2022-12-11T20:28:23 IST" skipped="0">
  <testcase classname="Wait" name="implicit" time="7.898"/>
  <system-out/>
  <testcase classname="Wait" name="explicit" time="6.607"/>
  <system-out/>
  <testcase classname="Wait" name="fluent" time="5.180"/>
  <system-out/>
</testsuite> <!-- Wait -->
