<?xml version="1.0" encoding="UTF-8"?>
<!-- Generated by org.testng.reporters.JUnitReportReporter -->
<testsuite hostname="Himanshu" failures="0" tests="1" name="Keyword_script" time="21.580" errors="0" timestamp="2022-12-24T16:53:15 IST" skipped="0">
  <testcase classname="Keyword_script" name="test1" time="21.580"/>
  <system-out/>
</testsuite> <!-- Keyword_script -->
