<?xml version="1.0" encoding="UTF-8"?>
<!-- Generated by org.testng.reporters.JUnitReportReporter -->
<testsuite hostname="Himanshu" failures="0" tests="2" name="zalenium4" time="49.698" errors="0" timestamp="2023-02-05T22:03:17 IST" skipped="0">
  <testcase classname="zalenium4" name="chrome5" time="6.216"/>
  <system-out/>
  <testcase classname="zalenium4" name="firefox5" time="43.482"/>
  <system-out/>
</testsuite> <!-- zalenium4 -->
