<?xml version="1.0" encoding="UTF-8"?>
<!-- Generated by org.testng.reporters.JUnitReportReporter -->
<testsuite hostname="Himanshu" failures="0" tests="1" name="Data_driven" time="16.512" errors="0" timestamp="2022-12-24T16:54:09 IST" skipped="0">
  <testcase classname="Data_driven" name="Test1" time="16.512"/>
  <system-out/>
</testsuite> <!-- Data_driven -->
