<?xml version="1.0" encoding="UTF-8"?>
<!-- Generated by org.testng.reporters.JUnitReportReporter -->
<testsuite hostname="Himanshu" failures="0" tests="1" name="Hybrid_script" time="22.228" errors="0" timestamp="2022-12-26T23:20:31 IST" skipped="0">
  <testcase classname="Hybrid_script" name="test1" time="22.228"/>
  <system-out/>
</testsuite> <!-- Hybrid_script -->
