<?xml version="1.0" encoding="UTF-8"?>
<!-- Generated by org.testng.reporters.JUnitReportReporter -->
<testsuite hostname="Himanshu" failures="0" tests="2" name="zalenium2" time="42.643" errors="0" timestamp="2023-02-05T22:03:17 IST" skipped="0">
  <testcase classname="zalenium2" name="chrome3" time="6.260"/>
  <system-out/>
  <testcase classname="zalenium2" name="firefox3" time="36.383"/>
  <system-out/>
</testsuite> <!-- zalenium2 -->
