<?xml version="1.0" encoding="UTF-8"?>
<!-- Generated by org.testng.reporters.JUnitReportReporter -->
<testsuite hostname="Himanshu" failures="0" tests="1" name="Saucelab" time="16.412" errors="0" timestamp="2023-01-29T13:19:34 IST" skipped="0">
  <testcase classname="Saucelab" name="safari" time="16.412"/>
  <system-out/>
</testsuite> <!-- Saucelab -->
