<?xml version="1.0" encoding="UTF-8"?>
<!-- Generated by org.testng.reporters.JUnitReportReporter -->
<testsuite hostname="Himanshu" failures="0" tests="2" name="kubernetes2" time="38.603" errors="0" timestamp="2023-02-15T00:30:59 IST" skipped="0">
  <testcase classname="kubernetes2" name="chrome1" time="24.892"/>
  <system-out/>
  <testcase classname="kubernetes2" name="chrome2" time="13.711"/>
  <system-out/>
</testsuite> <!-- kubernetes2 -->
