<?xml version="1.0" encoding="UTF-8"?>
<!-- Generated by org.testng.reporters.JUnitReportReporter -->
<testsuite hostname="Himanshu" failures="0" tests="2" name="zalenium1" time="62.005" errors="0" timestamp="2023-02-05T22:03:17 IST" skipped="0">
  <testcase classname="zalenium1" name="chrome2" time="19.709"/>
  <system-out/>
  <testcase classname="zalenium1" name="firefox2" time="42.296"/>
  <system-out/>
</testsuite> <!-- zalenium1 -->
