<?xml version="1.0" encoding="UTF-8"?>
<!-- Generated by org.testng.reporters.JUnitReportReporter -->
<testsuite hostname="Himanshu" failures="0" tests="1" name="Saucelab1" time="8.654" errors="0" timestamp="2023-01-29T13:19:34 IST" skipped="0">
  <testcase classname="Saucelab1" name="chrome" time="8.654"/>
  <system-out/>
</testsuite> <!-- Saucelab1 -->
