<?xml version="1.0" encoding="UTF-8"?>
<!-- Generated by org.testng.reporters.JUnitReportReporter -->
<testsuite hostname="Himanshu" failures="0" tests="2" name="kubernetes1" time="32.889" errors="0" timestamp="2023-02-15T00:30:59 IST" skipped="0">
  <testcase classname="kubernetes1" name="chrome1" time="17.392"/>
  <system-out/>
  <testcase classname="kubernetes1" name="chrome2" time="15.497"/>
  <system-out/>
</testsuite> <!-- kubernetes1 -->
