<?xml version="1.0" encoding="UTF-8"?>
<!-- Generated by org.testng.reporters.JUnitReportReporter -->
<testsuite hostname="Himanshu" failures="0" tests="1" name="Assert_both" time="6.374" errors="0" timestamp="2023-01-19T22:46:06 IST" skipped="0">
  <testcase classname="Assert_both" name="Test1" time="6.374"/>
  <system-out/>
</testsuite> <!-- Assert_both -->
