<?xml version="1.0" encoding="UTF-8"?>
<!-- Generated by org.testng.reporters.JUnitReportReporter -->
<testsuite hostname="Himanshu" failures="0" tests="1" name="kubernetes3" time="49.719" errors="0" timestamp="2023-02-04T22:39:55 IST" skipped="0">
  <testcase classname="kubernetes3" name="chrome4" time="49.719"/>
  <system-out/>
</testsuite> <!-- kubernetes3 -->
