<?xml version="1.0" encoding="UTF-8"?>
<!-- Generated by org.testng.reporters.JUnitReportReporter -->
<testsuite hostname="Himanshu" failures="0" tests="1" name="Dynamic" time="8.506" errors="0" timestamp="2022-12-24T16:49:24 IST" skipped="0">
  <testcase classname="Dynamic" name="Test1" time="8.506"/>
  <system-out/>
</testsuite> <!-- Dynamic -->
